<?xml version="1.0" encoding="UTF-8"?>
<!-- Generated by org.testng.reporters.JUnitReportReporter -->
<testsuite hostname="DESKTOP-TCQRPAP" failures="0" tests="1" name="com.actitime.testscript.CustomerModule" time="40.837" errors="0" timestamp="2021-01-10T11:48:17 IST" skipped="0">
  <testcase classname="com.actitime.testscript.CustomerModule" name="testCreateCustomer" time="40.837"/>
  <system-out/>
</testsuite> <!-- com.actitime.testscript.CustomerModule -->
